<?xml version="1.0" encoding="UTF-8"?>
<!-- Generated by org.testng.reporters.JUnitReportReporter -->
<testsuite hostname="LAPTOP-NR2IR3B4" failures="0" tests="1" name="com.teststore.LoginPage.Applicationlogin2" time="0.065" errors="0" timestamp="2022-12-12T14:51:43 IST" skipped="0">
  <testcase classname="com.teststore.LoginPage.Applicationlogin2" name="login" time="0.065"/>
  <system-out/>
</testsuite> <!-- com.teststore.LoginPage.Applicationlogin2 -->
