<?xml version="1.0" encoding="UTF-8"?>
<!-- Generated by org.testng.reporters.JUnitReportReporter -->
<testsuite hostname="LAPTOP-NR2IR3B4" failures="0" tests="1" name="com.teststore.LoginPage.Applicationlogin" time="58.562" errors="0" timestamp="2022-12-12T16:59:28 IST" skipped="0">
  <testcase classname="com.teststore.LoginPage.Applicationlogin" name="login" time="58.562"/>
  <system-out/>
</testsuite> <!-- com.teststore.LoginPage.Applicationlogin -->
