<?xml version="1.0" encoding="UTF-8"?>
<!-- Generated by org.testng.reporters.JUnitReportReporter -->
<testsuite hostname="LAPTOP-NR2IR3B4" failures="0" tests="3" name="temp.Login1" time="0.007" errors="0" timestamp="2022-12-11T13:49:51 IST" skipped="0">
  <testcase classname="temp.Login1" name="logintt1" time="0.007"/>
  <system-out/>
  <testcase classname="temp.Login1" name="logintt2" time="0.000"/>
  <system-out/>
  <testcase classname="temp.Login1" name="logintt3" time="0.000"/>
  <system-out/>
</testsuite> <!-- temp.Login1 -->
