<?xml version="1.0" encoding="UTF-8"?>
<!-- Generated by org.testng.reporters.JUnitReportReporter -->
<testsuite hostname="LAPTOP-NR2IR3B4" failures="0" tests="1" name="com.teststore.testrunner.DataTableRunner" time="0.119" errors="0" timestamp="2024-09-13T21:57:53 IST" skipped="0">
  <testcase classname="com.teststore.testrunner.DataTableRunner" name="runScenario" time="0.119"/>
  <system-out/>
</testsuite> <!-- com.teststore.testrunner.DataTableRunner -->
