<?xml version="1.0" encoding="UTF-8"?>
<!-- Generated by org.testng.reporters.JUnitReportReporter -->
<testsuite hostname="LAPTOP-NR2IR3B4" failures="0" tests="4" name="com.teststore.testrunner.TaggedHookRunner" time="0.124" errors="0" timestamp="2024-09-13T17:12:55 IST" skipped="0">
  <testcase classname="com.teststore.testrunner.TaggedHookRunner" name="runScenario" time="0.006"/>
  <system-out/>
  <testcase classname="com.teststore.testrunner.TaggedHookRunner" name="runScenario" time="0.007"/>
  <system-out/>
  <testcase classname="com.teststore.testrunner.TaggedHookRunner" name="runScenario" time="0.105"/>
  <system-out/>
  <testcase classname="com.teststore.testrunner.TaggedHookRunner" name="runScenario" time="0.006"/>
  <system-out/>
</testsuite> <!-- com.teststore.testrunner.TaggedHookRunner -->
