<?xml version="1.0" encoding="UTF-8"?>
<!-- Generated by org.testng.reporters.JUnitReportReporter -->
<testsuite hostname="LAPTOP-NR2IR3B4" failures="0" tests="1" name="com.teststore.testrunner.TestStorerunner" time="65.660" errors="0" timestamp="2022-12-12T18:16:05 IST" skipped="0">
  <testcase classname="com.teststore.testrunner.TestStorerunner" name="runScenario" time="65.660"/>
  <system-out/>
</testsuite> <!-- com.teststore.testrunner.TestStorerunner -->
