<?xml version="1.0" encoding="UTF-8"?>
<!-- Generated by org.testng.reporters.JUnitReportReporter -->
<testsuite hostname="LAPTOP-NR2IR3B4" failures="0" tests="1" name="com.teststore.ExtractInformation.ExtractuserName" time="2.031" errors="0" timestamp="2022-12-12T16:15:57 IST" skipped="0">
  <testcase classname="com.teststore.ExtractInformation.ExtractuserName" name="extractinfromation" time="2.031"/>
  <system-out/>
</testsuite> <!-- com.teststore.ExtractInformation.ExtractuserName -->
