<?xml version="1.0" encoding="UTF-8"?>
<!-- Generated by org.testng.reporters.JUnitReportReporter -->
<testsuite hostname="LAPTOP-NR2IR3B4" failures="0" tests="1" name="com.teststore.LoginPage.ExtractuserName" time="1.761" errors="0" timestamp="2022-12-12T16:17:07 IST" skipped="0">
  <testcase classname="com.teststore.LoginPage.ExtractuserName" name="extractinfromation" time="1.761"/>
  <system-out/>
</testsuite> <!-- com.teststore.LoginPage.ExtractuserName -->
