<?xml version="1.0" encoding="UTF-8"?>
<!-- Generated by org.testng.reporters.JUnitReportReporter -->
<testsuite hostname="LAPTOP-NR2IR3B4" failures="0" tests="1" name="com.teststore.ExtractInformation.ReadfromJson" time="0.025" errors="0" timestamp="2022-12-12T00:13:41 IST" skipped="0">
  <testcase classname="com.teststore.ExtractInformation.ReadfromJson" name="getFirstName" time="0.025"/>
  <system-out/>
</testsuite> <!-- com.teststore.ExtractInformation.ReadfromJson -->
