<?xml version="1.0" encoding="UTF-8"?>
<!-- Generated by org.testng.reporters.JUnitReportReporter -->
<testsuite hostname="LAPTOP-NR2IR3B4" failures="0" tests="1" name="extractInformation.ExtractuserName" time="1.527" errors="0" timestamp="2022-12-11T19:10:09 IST" skipped="0">
  <testcase classname="extractInformation.ExtractuserName" name="extractinfroamtion" time="1.527"/>
  <system-out/>
</testsuite> <!-- extractInformation.ExtractuserName -->
